<?xml version="1.0" encoding="UTF-8"?>
<!-- Generated by org.testng.reporters.JUnitReportReporter -->
<testsuite skipped="0" hostname="DESKTOP-SVCGOI8" name="MavenTraining.FBLogin" tests="1" failures="0" timestamp="2020-01-16T20:53:30 IST" time="124.944" errors="0">
  <testcase name="launchApp" time="124.944" classname="MavenTraining.FBLogin"/>
</testsuite> <!-- MavenTraining.FBLogin -->
