<?xml version="1.0" encoding="UTF-8"?>
<!-- Generated by org.testng.reporters.JUnitReportReporter -->
<testsuite skipped="0" hostname="DESKTOP-SVCGOI8" name="GradleTraining.GradleFBlogin" tests="1" failures="0" timestamp="2020-01-17T20:28:12 IST" time="36.502" errors="0">
  <testcase name="launchApp" time="36.502" classname="GradleTraining.GradleFBlogin"/>
  <system-out/>
</testsuite> <!-- GradleTraining.GradleFBlogin -->
